<?xml version="1.0" encoding="UTF-8"?>
<robot generator="Robot 5.0 (Python 3.9.10 on win32)" generated="20220520 19:46:03.518" rpa="false" schemaversion="3">
<suite id="s1" name="testDemo2" source="C:\Users\Amit\workspace_python\PractiseRobot\Test\testDemo2.robot">
<test id="s1-t1" name="Validate Unsuccesfull Login" line="13">
<kw name="Open the browser with mortage payment url" library="resource" type="SETUP">
<kw name="Create Webdriver" library="SeleniumLibrary">
<arg>Firefox</arg>
<arg>executable_path=C:/Users/Amit/Drivers/geckodriver</arg>
<doc>Creates an instance of Selenium WebDriver.</doc>
<msg timestamp="20220520 19:46:03.795" level="INFO">Creating an instance of the Firefox WebDriver.</msg>
<status status="PASS" starttime="20220520 19:46:03.795" endtime="20220520 19:46:17.543"/>
</kw>
<kw name="Maximize Browser Window" library="SeleniumLibrary">
<doc>Maximizes current browser window.</doc>
<status status="PASS" starttime="20220520 19:46:17.544" endtime="20220520 19:46:17.560"/>
</kw>
<kw name="Go To" library="SeleniumLibrary">
<arg>https://rahulshettyacademy.com/loginpagePractise/</arg>
<doc>Navigates the current browser window to the provided ``url``.</doc>
<msg timestamp="20220520 19:46:17.561" level="INFO">Opening url 'https://rahulshettyacademy.com/loginpagePractise/'</msg>
<status status="PASS" starttime="20220520 19:46:17.560" endtime="20220520 19:46:18.177"/>
</kw>
<status status="PASS" starttime="20220520 19:46:03.794" endtime="20220520 19:46:18.177"/>
</kw>
<kw name="Fill the login form">
<kw name="Input Text" library="SeleniumLibrary">
<arg>xpath://input[@id='username']</arg>
<arg>${userName}</arg>
<doc>Types the given ``text`` into the text field identified by ``locator``.</doc>
<msg timestamp="20220520 19:46:18.179" level="INFO">Typing text 'rahulshettyacademy' into text field 'xpath://input[@id='username']'.</msg>
<status status="PASS" starttime="20220520 19:46:18.178" endtime="20220520 19:46:18.269"/>
</kw>
<kw name="Input Password" library="SeleniumLibrary">
<arg>xpath://input[@id='password']</arg>
<arg>${invalidPassword}</arg>
<doc>Types the given password into the text field identified by ``locator``.</doc>
<msg timestamp="20220520 19:46:18.270" level="INFO">Typing password into text field 'xpath://input[@id='password']'.</msg>
<msg timestamp="20220520 19:46:18.283" level="INFO">Temporally setting log level to: NONE</msg>
<msg timestamp="20220520 19:46:18.296" level="INFO">Log level changed from NONE to INFO.</msg>
<status status="PASS" starttime="20220520 19:46:18.269" endtime="20220520 19:46:18.296"/>
</kw>
<kw name="Click Element" library="SeleniumLibrary">
<arg>//input[@id='signInBtn']</arg>
<doc>Click the element identified by ``locator``.</doc>
<msg timestamp="20220520 19:46:18.296" level="INFO">Clicking element '//input[@id='signInBtn']'.</msg>
<status status="PASS" starttime="20220520 19:46:18.296" endtime="20220520 19:46:18.547"/>
</kw>
<status status="PASS" starttime="20220520 19:46:18.178" endtime="20220520 19:46:18.547"/>
</kw>
<kw name="Wait until it checks and display error message">
<kw name="Wait Until Element Is Visible" library="SeleniumLibrary">
<arg>${invalid_error_message_loacator}</arg>
<doc>Waits until the element ``locator`` is visible.</doc>
<status status="PASS" starttime="20220520 19:46:18.552" endtime="20220520 19:46:20.538"/>
</kw>
<status status="PASS" starttime="20220520 19:46:18.551" endtime="20220520 19:46:20.538"/>
</kw>
<kw name="Verify if error message is correct">
<kw name="Element Text Should Be" library="SeleniumLibrary">
<arg>${invalid_error_message_loacator}</arg>
<arg>Incorrect username/password.</arg>
<doc>Verifies that element ``locator`` contains exact the text ``expected``.</doc>
<msg timestamp="20220520 19:46:20.540" level="INFO">Verifying element 'xpath://form[@id='login-form']/div[1]' contains exact text 'Incorrect username/password.'.</msg>
<status status="PASS" starttime="20220520 19:46:20.540" endtime="20220520 19:46:20.557"/>
</kw>
<status status="PASS" starttime="20220520 19:46:20.539" endtime="20220520 19:46:20.557"/>
</kw>
<kw name="Close the browser session" library="resource" type="TEARDOWN">
<kw name="Close Browser" library="SeleniumLibrary">
<doc>Closes the current browser.</doc>
<status status="PASS" starttime="20220520 19:46:20.558" endtime="20220520 19:46:21.192"/>
</kw>
<status status="PASS" starttime="20220520 19:46:20.558" endtime="20220520 19:46:21.192"/>
</kw>
<status status="PASS" starttime="20220520 19:46:03.793" endtime="20220520 19:46:21.192"/>
</test>
<doc>To validate the Login form</doc>
<status status="PASS" starttime="20220520 19:46:03.518" endtime="20220520 19:46:21.194"/>
</suite>
<statistics>
<total>
<stat pass="1" fail="0" skip="0">All Tests</stat>
</total>
<tag>
</tag>
<suite>
<stat pass="1" fail="0" skip="0" id="s1" name="testDemo2">testDemo2</stat>
</suite>
</statistics>
<errors>
</errors>
</robot>
