<?xml version="1.0" encoding="UTF-8"?>
<robot generator="Robot 5.0 (Python 3.9.10 on win32)" generated="20220521 21:20:33.591" rpa="false" schemaversion="3">
<suite id="s1" name="testDemo2" source="C:\Users\Amit\workspace_python\PractiseRobot\Test\testDemo2.robot">
<test id="s1-t1" name="Validate Unsuccesfull Login" line="14">
<kw name="Open the browser with mortage payment url" library="resource" type="SETUP">
<kw name="Create Webdriver" library="SeleniumLibrary">
<arg>Firefox</arg>
<arg>executable_path=C:/Users/Amit/Drivers/geckodriver</arg>
<doc>Creates an instance of Selenium WebDriver.</doc>
<msg timestamp="20220521 21:20:33.739" level="INFO">Creating an instance of the Firefox WebDriver.</msg>
<status status="PASS" starttime="20220521 21:20:33.739" endtime="20220521 21:20:39.072"/>
</kw>
<kw name="Maximize Browser Window" library="SeleniumLibrary">
<doc>Maximizes current browser window.</doc>
<status status="PASS" starttime="20220521 21:20:39.072" endtime="20220521 21:20:39.081"/>
</kw>
<kw name="Go To" library="SeleniumLibrary">
<arg>https://rahulshettyacademy.com/loginpagePractise/</arg>
<doc>Navigates the current browser window to the provided ``url``.</doc>
<msg timestamp="20220521 21:20:39.082" level="INFO">Opening url 'https://rahulshettyacademy.com/loginpagePractise/'</msg>
<status status="PASS" starttime="20220521 21:20:39.081" endtime="20220521 21:20:39.536"/>
</kw>
<status status="PASS" starttime="20220521 21:20:33.739" endtime="20220521 21:20:39.536"/>
</kw>
<kw name="Fill the login form">
<arg>${userName}</arg>
<arg>${invalidPassword}</arg>
<kw name="Input Text" library="SeleniumLibrary">
<arg>xpath://input[@id='username']</arg>
<arg>${user_name}</arg>
<doc>Types the given ``text`` into the text field identified by ``locator``.</doc>
<msg timestamp="20220521 21:20:39.542" level="INFO">Typing text 'rahulshettyacademy' into text field 'xpath://input[@id='username']'.</msg>
<status status="PASS" starttime="20220521 21:20:39.541" endtime="20220521 21:20:39.602"/>
</kw>
<kw name="Input Password" library="SeleniumLibrary">
<arg>xpath://input[@id='password']</arg>
<arg>${user_password}</arg>
<doc>Types the given password into the text field identified by ``locator``.</doc>
<msg timestamp="20220521 21:20:39.603" level="INFO">Typing password into text field 'xpath://input[@id='password']'.</msg>
<msg timestamp="20220521 21:20:39.611" level="INFO">Temporally setting log level to: NONE</msg>
<msg timestamp="20220521 21:20:39.622" level="INFO">Log level changed from NONE to INFO.</msg>
<status status="PASS" starttime="20220521 21:20:39.603" endtime="20220521 21:20:39.622"/>
</kw>
<kw name="Click Element" library="SeleniumLibrary">
<arg>//input[@id='signInBtn']</arg>
<doc>Click the element identified by ``locator``.</doc>
<msg timestamp="20220521 21:20:39.623" level="INFO">Clicking element '//input[@id='signInBtn']'.</msg>
<status status="PASS" starttime="20220521 21:20:39.623" endtime="20220521 21:20:39.856"/>
</kw>
<status status="PASS" starttime="20220521 21:20:39.541" endtime="20220521 21:20:39.857"/>
</kw>
<kw name="Wait until the element is displayed">
<arg>${invalid_error_message_loacator}</arg>
<kw name="Wait Until Element Is Visible" library="SeleniumLibrary">
<arg>${wait_element}</arg>
<doc>Waits until the element ``locator`` is visible.</doc>
<status status="PASS" starttime="20220521 21:20:39.860" endtime="20220521 21:20:41.826"/>
</kw>
<status status="PASS" starttime="20220521 21:20:39.859" endtime="20220521 21:20:41.827"/>
</kw>
<kw name="Verify if error message is correct">
<kw name="Element Text Should Be" library="SeleniumLibrary">
<arg>${invalid_error_message_loacator}</arg>
<arg>Incorrect username/password.</arg>
<doc>Verifies that element ``locator`` contains exact the text ``expected``.</doc>
<msg timestamp="20220521 21:20:41.828" level="INFO">Verifying element 'xpath://form[@id='login-form']/div[1]' contains exact text 'Incorrect username/password.'.</msg>
<status status="PASS" starttime="20220521 21:20:41.827" endtime="20220521 21:20:41.843"/>
</kw>
<status status="PASS" starttime="20220521 21:20:41.827" endtime="20220521 21:20:41.843"/>
</kw>
<kw name="Close the browser session" library="resource" type="TEARDOWN">
<kw name="Close Browser" library="SeleniumLibrary">
<doc>Closes the current browser.</doc>
<status status="PASS" starttime="20220521 21:20:41.844" endtime="20220521 21:20:42.453"/>
</kw>
<status status="PASS" starttime="20220521 21:20:41.844" endtime="20220521 21:20:42.453"/>
</kw>
<status status="PASS" starttime="20220521 21:20:33.738" endtime="20220521 21:20:42.454"/>
</test>
<test id="s1-t2" name="Valiadte cards displayed on the shopping page" line="20">
<kw name="Open the browser with mortage payment url" library="resource" type="SETUP">
<kw name="Create Webdriver" library="SeleniumLibrary">
<arg>Firefox</arg>
<arg>executable_path=C:/Users/Amit/Drivers/geckodriver</arg>
<doc>Creates an instance of Selenium WebDriver.</doc>
<msg timestamp="20220521 21:20:42.455" level="INFO">Creating an instance of the Firefox WebDriver.</msg>
<status status="PASS" starttime="20220521 21:20:42.455" endtime="20220521 21:20:47.861"/>
</kw>
<kw name="Maximize Browser Window" library="SeleniumLibrary">
<doc>Maximizes current browser window.</doc>
<status status="PASS" starttime="20220521 21:20:47.861" endtime="20220521 21:20:47.863"/>
</kw>
<kw name="Go To" library="SeleniumLibrary">
<arg>https://rahulshettyacademy.com/loginpagePractise/</arg>
<doc>Navigates the current browser window to the provided ``url``.</doc>
<msg timestamp="20220521 21:20:47.864" level="INFO">Opening url 'https://rahulshettyacademy.com/loginpagePractise/'</msg>
<status status="PASS" starttime="20220521 21:20:47.864" endtime="20220521 21:20:48.443"/>
</kw>
<status status="PASS" starttime="20220521 21:20:42.455" endtime="20220521 21:20:48.444"/>
</kw>
<kw name="Fill the login form">
<arg>${userName}</arg>
<arg>${validPassword}</arg>
<kw name="Input Text" library="SeleniumLibrary">
<arg>xpath://input[@id='username']</arg>
<arg>${user_name}</arg>
<doc>Types the given ``text`` into the text field identified by ``locator``.</doc>
<msg timestamp="20220521 21:20:48.445" level="INFO">Typing text 'rahulshettyacademy' into text field 'xpath://input[@id='username']'.</msg>
<status status="PASS" starttime="20220521 21:20:48.444" endtime="20220521 21:20:48.504"/>
</kw>
<kw name="Input Password" library="SeleniumLibrary">
<arg>xpath://input[@id='password']</arg>
<arg>${user_password}</arg>
<doc>Types the given password into the text field identified by ``locator``.</doc>
<msg timestamp="20220521 21:20:48.504" level="INFO">Typing password into text field 'xpath://input[@id='password']'.</msg>
<msg timestamp="20220521 21:20:48.511" level="INFO">Temporally setting log level to: NONE</msg>
<msg timestamp="20220521 21:20:48.523" level="INFO">Log level changed from NONE to INFO.</msg>
<status status="PASS" starttime="20220521 21:20:48.504" endtime="20220521 21:20:48.523"/>
</kw>
<kw name="Click Element" library="SeleniumLibrary">
<arg>//input[@id='signInBtn']</arg>
<doc>Click the element identified by ``locator``.</doc>
<msg timestamp="20220521 21:20:48.523" level="INFO">Clicking element '//input[@id='signInBtn']'.</msg>
<status status="PASS" starttime="20220521 21:20:48.523" endtime="20220521 21:20:48.746"/>
</kw>
<status status="PASS" starttime="20220521 21:20:48.444" endtime="20220521 21:20:48.746"/>
</kw>
<kw name="Wait until the element is displayed">
<arg>${shop_page_checkout_link}</arg>
<kw name="Wait Until Element Is Visible" library="SeleniumLibrary">
<arg>${wait_element}</arg>
<doc>Waits until the element ``locator`` is visible.</doc>
<status status="PASS" starttime="20220521 21:20:48.749" endtime="20220521 21:20:51.121"/>
</kw>
<status status="PASS" starttime="20220521 21:20:48.748" endtime="20220521 21:20:51.121"/>
</kw>
<kw name="Close the browser session" library="resource" type="TEARDOWN">
<kw name="Close Browser" library="SeleniumLibrary">
<doc>Closes the current browser.</doc>
<status status="PASS" starttime="20220521 21:20:51.123" endtime="20220521 21:20:51.750"/>
</kw>
<status status="PASS" starttime="20220521 21:20:51.123" endtime="20220521 21:20:51.751"/>
</kw>
<status status="PASS" starttime="20220521 21:20:42.454" endtime="20220521 21:20:51.751"/>
</test>
<doc>To validate the Login form</doc>
<status status="PASS" starttime="20220521 21:20:33.592" endtime="20220521 21:20:51.752"/>
</suite>
<statistics>
<total>
<stat pass="2" fail="0" skip="0">All Tests</stat>
</total>
<tag>
</tag>
<suite>
<stat pass="2" fail="0" skip="0" id="s1" name="testDemo2">testDemo2</stat>
</suite>
</statistics>
<errors>
</errors>
</robot>
