<?xml version="1.0" encoding="UTF-8"?>
<robot generator="Robot 5.0 (Python 3.9.10 on win32)" generated="20220521 21:31:15.646" rpa="false" schemaversion="3">
<suite id="s1" name="testDemo2" source="C:\Users\Amit\workspace_python\PractiseRobot\Test\testDemo2.robot">
<test id="s1-t1" name="Validate Unsuccesfull Login" line="14">
<kw name="Open the browser with mortage payment url" library="resource" type="SETUP">
<kw name="Create Webdriver" library="SeleniumLibrary">
<arg>Firefox</arg>
<arg>executable_path=C:/Users/Amit/Drivers/geckodriver</arg>
<doc>Creates an instance of Selenium WebDriver.</doc>
<msg timestamp="20220521 21:31:15.800" level="INFO">Creating an instance of the Firefox WebDriver.</msg>
<status status="PASS" starttime="20220521 21:31:15.800" endtime="20220521 21:31:20.987"/>
</kw>
<kw name="Maximize Browser Window" library="SeleniumLibrary">
<doc>Maximizes current browser window.</doc>
<status status="PASS" starttime="20220521 21:31:20.987" endtime="20220521 21:31:20.993"/>
</kw>
<kw name="Go To" library="SeleniumLibrary">
<arg>https://rahulshettyacademy.com/loginpagePractise/</arg>
<doc>Navigates the current browser window to the provided ``url``.</doc>
<msg timestamp="20220521 21:31:20.993" level="INFO">Opening url 'https://rahulshettyacademy.com/loginpagePractise/'</msg>
<status status="PASS" starttime="20220521 21:31:20.993" endtime="20220521 21:31:21.438"/>
</kw>
<status status="PASS" starttime="20220521 21:31:15.799" endtime="20220521 21:31:21.438"/>
</kw>
<kw name="Fill the login form">
<arg>${userName}</arg>
<arg>${invalidPassword}</arg>
<kw name="Input Text" library="SeleniumLibrary">
<arg>xpath://input[@id='username']</arg>
<arg>${user_name}</arg>
<doc>Types the given ``text`` into the text field identified by ``locator``.</doc>
<msg timestamp="20220521 21:31:21.440" level="INFO">Typing text 'rahulshettyacademy' into text field 'xpath://input[@id='username']'.</msg>
<status status="PASS" starttime="20220521 21:31:21.439" endtime="20220521 21:31:21.494"/>
</kw>
<kw name="Input Password" library="SeleniumLibrary">
<arg>xpath://input[@id='password']</arg>
<arg>${user_password}</arg>
<doc>Types the given password into the text field identified by ``locator``.</doc>
<msg timestamp="20220521 21:31:21.495" level="INFO">Typing password into text field 'xpath://input[@id='password']'.</msg>
<msg timestamp="20220521 21:31:21.503" level="INFO">Temporally setting log level to: NONE</msg>
<msg timestamp="20220521 21:31:21.514" level="INFO">Log level changed from NONE to INFO.</msg>
<status status="PASS" starttime="20220521 21:31:21.494" endtime="20220521 21:31:21.514"/>
</kw>
<kw name="Click Element" library="SeleniumLibrary">
<arg>//input[@id='signInBtn']</arg>
<doc>Click the element identified by ``locator``.</doc>
<msg timestamp="20220521 21:31:21.514" level="INFO">Clicking element '//input[@id='signInBtn']'.</msg>
<status status="PASS" starttime="20220521 21:31:21.514" endtime="20220521 21:31:21.748"/>
</kw>
<status status="PASS" starttime="20220521 21:31:21.439" endtime="20220521 21:31:21.748"/>
</kw>
<kw name="Wait until the element is displayed" library="resource">
<arg>${invalid_error_message_loacator}</arg>
<kw name="Wait Until Element Is Visible" library="SeleniumLibrary">
<arg>${wait_element}</arg>
<doc>Waits until the element ``locator`` is visible.</doc>
<status status="PASS" starttime="20220521 21:31:21.750" endtime="20220521 21:31:23.726"/>
</kw>
<status status="PASS" starttime="20220521 21:31:21.749" endtime="20220521 21:31:23.726"/>
</kw>
<kw name="Verify if error message is correct">
<kw name="Element Text Should Be" library="SeleniumLibrary">
<arg>${invalid_error_message_loacator}</arg>
<arg>Incorrect username/password.</arg>
<doc>Verifies that element ``locator`` contains exact the text ``expected``.</doc>
<msg timestamp="20220521 21:31:23.726" level="INFO">Verifying element 'xpath://form[@id='login-form']/div[1]' contains exact text 'Incorrect username/password.'.</msg>
<status status="PASS" starttime="20220521 21:31:23.726" endtime="20220521 21:31:23.741"/>
</kw>
<status status="PASS" starttime="20220521 21:31:23.726" endtime="20220521 21:31:23.741"/>
</kw>
<kw name="Close the browser session" library="resource" type="TEARDOWN">
<kw name="Close Browser" library="SeleniumLibrary">
<doc>Closes the current browser.</doc>
<status status="PASS" starttime="20220521 21:31:23.742" endtime="20220521 21:31:24.370"/>
</kw>
<status status="PASS" starttime="20220521 21:31:23.741" endtime="20220521 21:31:24.370"/>
</kw>
<status status="PASS" starttime="20220521 21:31:15.799" endtime="20220521 21:31:24.370"/>
</test>
<test id="s1-t2" name="Valiadte cards displayed on the shopping page" line="20">
<kw name="Open the browser with mortage payment url" library="resource" type="SETUP">
<kw name="Create Webdriver" library="SeleniumLibrary">
<arg>Firefox</arg>
<arg>executable_path=C:/Users/Amit/Drivers/geckodriver</arg>
<doc>Creates an instance of Selenium WebDriver.</doc>
<msg timestamp="20220521 21:31:24.372" level="INFO">Creating an instance of the Firefox WebDriver.</msg>
<status status="PASS" starttime="20220521 21:31:24.372" endtime="20220521 21:31:29.684"/>
</kw>
<kw name="Maximize Browser Window" library="SeleniumLibrary">
<doc>Maximizes current browser window.</doc>
<status status="PASS" starttime="20220521 21:31:29.684" endtime="20220521 21:31:29.689"/>
</kw>
<kw name="Go To" library="SeleniumLibrary">
<arg>https://rahulshettyacademy.com/loginpagePractise/</arg>
<doc>Navigates the current browser window to the provided ``url``.</doc>
<msg timestamp="20220521 21:31:29.690" level="INFO">Opening url 'https://rahulshettyacademy.com/loginpagePractise/'</msg>
<status status="PASS" starttime="20220521 21:31:29.690" endtime="20220521 21:31:30.099"/>
</kw>
<status status="PASS" starttime="20220521 21:31:24.372" endtime="20220521 21:31:30.099"/>
</kw>
<kw name="Fill the login form">
<arg>${userName}</arg>
<arg>${validPassword}</arg>
<kw name="Input Text" library="SeleniumLibrary">
<arg>xpath://input[@id='username']</arg>
<arg>${user_name}</arg>
<doc>Types the given ``text`` into the text field identified by ``locator``.</doc>
<msg timestamp="20220521 21:31:30.101" level="INFO">Typing text 'rahulshettyacademy' into text field 'xpath://input[@id='username']'.</msg>
<status status="PASS" starttime="20220521 21:31:30.101" endtime="20220521 21:31:30.155"/>
</kw>
<kw name="Input Password" library="SeleniumLibrary">
<arg>xpath://input[@id='password']</arg>
<arg>${user_password}</arg>
<doc>Types the given password into the text field identified by ``locator``.</doc>
<msg timestamp="20220521 21:31:30.155" level="INFO">Typing password into text field 'xpath://input[@id='password']'.</msg>
<msg timestamp="20220521 21:31:30.167" level="INFO">Temporally setting log level to: NONE</msg>
<msg timestamp="20220521 21:31:30.179" level="INFO">Log level changed from NONE to INFO.</msg>
<status status="PASS" starttime="20220521 21:31:30.155" endtime="20220521 21:31:30.179"/>
</kw>
<kw name="Click Element" library="SeleniumLibrary">
<arg>//input[@id='signInBtn']</arg>
<doc>Click the element identified by ``locator``.</doc>
<msg timestamp="20220521 21:31:30.179" level="INFO">Clicking element '//input[@id='signInBtn']'.</msg>
<status status="PASS" starttime="20220521 21:31:30.179" endtime="20220521 21:31:30.419"/>
</kw>
<status status="PASS" starttime="20220521 21:31:30.100" endtime="20220521 21:31:30.419"/>
</kw>
<kw name="Wait until the element is displayed" library="resource">
<arg>${shop_page_checkout_link}</arg>
<kw name="Wait Until Element Is Visible" library="SeleniumLibrary">
<arg>${wait_element}</arg>
<doc>Waits until the element ``locator`` is visible.</doc>
<status status="PASS" starttime="20220521 21:31:30.420" endtime="20220521 21:31:32.624"/>
</kw>
<status status="PASS" starttime="20220521 21:31:30.420" endtime="20220521 21:31:32.625"/>
</kw>
<kw name="Close the browser session" library="resource" type="TEARDOWN">
<kw name="Close Browser" library="SeleniumLibrary">
<doc>Closes the current browser.</doc>
<status status="PASS" starttime="20220521 21:31:32.629" endtime="20220521 21:31:33.240"/>
</kw>
<status status="PASS" starttime="20220521 21:31:32.628" endtime="20220521 21:31:33.240"/>
</kw>
<status status="PASS" starttime="20220521 21:31:24.371" endtime="20220521 21:31:33.241"/>
</test>
<doc>To validate the Login form</doc>
<status status="PASS" starttime="20220521 21:31:15.647" endtime="20220521 21:31:33.242"/>
</suite>
<statistics>
<total>
<stat pass="2" fail="0" skip="0">All Tests</stat>
</total>
<tag>
</tag>
<suite>
<stat pass="2" fail="0" skip="0" id="s1" name="testDemo2">testDemo2</stat>
</suite>
</statistics>
<errors>
</errors>
</robot>
