<?xml version="1.0" encoding="UTF-8"?>
<robot generator="Robot 5.0 (Python 3.9.10 on win32)" generated="20220521 15:06:29.129" rpa="false" schemaversion="3">
<suite id="s1" name="testDemo2" source="C:\Users\Amit\workspace_python\PractiseRobot\Test\testDemo2.robot">
<test id="s1-t1" name="Validate Unsuccesfull Login" line="13">
<kw name="Open the browser with mortage payment url" library="resource" type="SETUP">
<kw name="Create Webdriver" library="SeleniumLibrary">
<arg>Firefox</arg>
<arg>executable_path=C:/Users/Amit/Drivers/geckodriver</arg>
<doc>Creates an instance of Selenium WebDriver.</doc>
<msg timestamp="20220521 15:06:29.275" level="INFO">Creating an instance of the Firefox WebDriver.</msg>
<status status="PASS" starttime="20220521 15:06:29.275" endtime="20220521 15:06:34.573"/>
</kw>
<kw name="Maximize Browser Window" library="SeleniumLibrary">
<doc>Maximizes current browser window.</doc>
<status status="PASS" starttime="20220521 15:06:34.573" endtime="20220521 15:06:34.578"/>
</kw>
<kw name="Go To" library="SeleniumLibrary">
<arg>https://rahulshettyacademy.com/loginpagePractise/</arg>
<doc>Navigates the current browser window to the provided ``url``.</doc>
<msg timestamp="20220521 15:06:34.578" level="INFO">Opening url 'https://rahulshettyacademy.com/loginpagePractise/'</msg>
<status status="PASS" starttime="20220521 15:06:34.578" endtime="20220521 15:06:34.927"/>
</kw>
<status status="PASS" starttime="20220521 15:06:29.275" endtime="20220521 15:06:34.927"/>
</kw>
<kw name="Fill the login form">
<arg>${userName}</arg>
<arg>${invalidPassword}</arg>
<kw name="Input Text" library="SeleniumLibrary">
<arg>xpath://input[@id='username']</arg>
<arg>${user_name}</arg>
<doc>Types the given ``text`` into the text field identified by ``locator``.</doc>
<msg timestamp="20220521 15:06:34.929" level="INFO">Typing text 'rahulshettyacademy' into text field 'xpath://input[@id='username']'.</msg>
<status status="PASS" starttime="20220521 15:06:34.928" endtime="20220521 15:06:34.997"/>
</kw>
<kw name="Input Password" library="SeleniumLibrary">
<arg>xpath://input[@id='password']</arg>
<arg>${user_password}</arg>
<doc>Types the given password into the text field identified by ``locator``.</doc>
<msg timestamp="20220521 15:06:34.998" level="INFO">Typing password into text field 'xpath://input[@id='password']'.</msg>
<msg timestamp="20220521 15:06:35.008" level="INFO">Temporally setting log level to: NONE</msg>
<msg timestamp="20220521 15:06:35.017" level="INFO">Log level changed from NONE to INFO.</msg>
<status status="PASS" starttime="20220521 15:06:34.997" endtime="20220521 15:06:35.017"/>
</kw>
<kw name="Click Element" library="SeleniumLibrary">
<arg>//input[@id='signInBtn']</arg>
<doc>Click the element identified by ``locator``.</doc>
<msg timestamp="20220521 15:06:35.017" level="INFO">Clicking element '//input[@id='signInBtn']'.</msg>
<status status="PASS" starttime="20220521 15:06:35.017" endtime="20220521 15:06:35.243"/>
</kw>
<status status="PASS" starttime="20220521 15:06:34.928" endtime="20220521 15:06:35.243"/>
</kw>
<kw name="Wait until it checks and display error message">
<kw name="Wait Until Element Is Visible" library="SeleniumLibrary">
<arg>${invalid_error_message_loacator}</arg>
<doc>Waits until the element ``locator`` is visible.</doc>
<status status="PASS" starttime="20220521 15:06:35.244" endtime="20220521 15:06:37.213"/>
</kw>
<status status="PASS" starttime="20220521 15:06:35.244" endtime="20220521 15:06:37.213"/>
</kw>
<kw name="Verify if error message is correct">
<kw name="Element Text Should Be" library="SeleniumLibrary">
<arg>${invalid_error_message_loacator}</arg>
<arg>Incorrect username/password.</arg>
<doc>Verifies that element ``locator`` contains exact the text ``expected``.</doc>
<msg timestamp="20220521 15:06:37.215" level="INFO">Verifying element 'xpath://form[@id='login-form']/div[1]' contains exact text 'Incorrect username/password.'.</msg>
<status status="PASS" starttime="20220521 15:06:37.215" endtime="20220521 15:06:37.240"/>
</kw>
<status status="PASS" starttime="20220521 15:06:37.214" endtime="20220521 15:06:37.240"/>
</kw>
<kw name="Close the browser session" library="resource" type="TEARDOWN">
<kw name="Close Browser" library="SeleniumLibrary">
<doc>Closes the current browser.</doc>
<status status="PASS" starttime="20220521 15:06:37.240" endtime="20220521 15:06:37.794"/>
</kw>
<status status="PASS" starttime="20220521 15:06:37.240" endtime="20220521 15:06:37.794"/>
</kw>
<status status="PASS" starttime="20220521 15:06:29.274" endtime="20220521 15:06:37.795"/>
</test>
<test id="s1-t2" name="Valiadte cards displayed on the shopping page" line="19">
<kw name="Open the browser with mortage payment url" library="resource" type="SETUP">
<kw name="Create Webdriver" library="SeleniumLibrary">
<arg>Firefox</arg>
<arg>executable_path=C:/Users/Amit/Drivers/geckodriver</arg>
<doc>Creates an instance of Selenium WebDriver.</doc>
<msg timestamp="20220521 15:06:37.796" level="INFO">Creating an instance of the Firefox WebDriver.</msg>
<status status="PASS" starttime="20220521 15:06:37.796" endtime="20220521 15:06:42.967"/>
</kw>
<kw name="Maximize Browser Window" library="SeleniumLibrary">
<doc>Maximizes current browser window.</doc>
<status status="PASS" starttime="20220521 15:06:42.967" endtime="20220521 15:06:42.972"/>
</kw>
<kw name="Go To" library="SeleniumLibrary">
<arg>https://rahulshettyacademy.com/loginpagePractise/</arg>
<doc>Navigates the current browser window to the provided ``url``.</doc>
<msg timestamp="20220521 15:06:42.972" level="INFO">Opening url 'https://rahulshettyacademy.com/loginpagePractise/'</msg>
<status status="PASS" starttime="20220521 15:06:42.972" endtime="20220521 15:06:43.375"/>
</kw>
<status status="PASS" starttime="20220521 15:06:37.796" endtime="20220521 15:06:43.376"/>
</kw>
<kw name="Fill the login form">
<arg>${userName}</arg>
<arg>${validPassword}</arg>
<kw name="Input Text" library="SeleniumLibrary">
<arg>xpath://input[@id='username']</arg>
<arg>${user_name}</arg>
<doc>Types the given ``text`` into the text field identified by ``locator``.</doc>
<msg timestamp="20220521 15:06:43.378" level="INFO">Typing text 'rahulshettyacademy' into text field 'xpath://input[@id='username']'.</msg>
<status status="PASS" starttime="20220521 15:06:43.378" endtime="20220521 15:06:43.445"/>
</kw>
<kw name="Input Password" library="SeleniumLibrary">
<arg>xpath://input[@id='password']</arg>
<arg>${user_password}</arg>
<doc>Types the given password into the text field identified by ``locator``.</doc>
<msg timestamp="20220521 15:06:43.445" level="INFO">Typing password into text field 'xpath://input[@id='password']'.</msg>
<msg timestamp="20220521 15:06:43.455" level="INFO">Temporally setting log level to: NONE</msg>
<msg timestamp="20220521 15:06:43.466" level="INFO">Log level changed from NONE to INFO.</msg>
<status status="PASS" starttime="20220521 15:06:43.445" endtime="20220521 15:06:43.466"/>
</kw>
<kw name="Click Element" library="SeleniumLibrary">
<arg>//input[@id='signInBtn']</arg>
<doc>Click the element identified by ``locator``.</doc>
<msg timestamp="20220521 15:06:43.466" level="INFO">Clicking element '//input[@id='signInBtn']'.</msg>
<status status="PASS" starttime="20220521 15:06:43.466" endtime="20220521 15:06:43.697"/>
</kw>
<status status="PASS" starttime="20220521 15:06:43.377" endtime="20220521 15:06:43.697"/>
</kw>
<kw name="Close the browser session" library="resource" type="TEARDOWN">
<kw name="Close Browser" library="SeleniumLibrary">
<doc>Closes the current browser.</doc>
<status status="PASS" starttime="20220521 15:06:43.698" endtime="20220521 15:06:44.334"/>
</kw>
<status status="PASS" starttime="20220521 15:06:43.698" endtime="20220521 15:06:44.335"/>
</kw>
<status status="PASS" starttime="20220521 15:06:37.795" endtime="20220521 15:06:44.335"/>
</test>
<doc>To validate the Login form</doc>
<status status="PASS" starttime="20220521 15:06:29.130" endtime="20220521 15:06:44.335"/>
</suite>
<statistics>
<total>
<stat pass="2" fail="0" skip="0">All Tests</stat>
</total>
<tag>
</tag>
<suite>
<stat pass="2" fail="0" skip="0" id="s1" name="testDemo2">testDemo2</stat>
</suite>
</statistics>
<errors>
</errors>
</robot>
